<?xml version="1.0" encoding="UTF-8"?>
<!-- Generated by org.testng.reporters.JUnitReportReporter -->
<testsuite skipped="0" hostname="DESKTOP-UPLHJLR" name="datadrivenTest.DataDriven_createToken" tests="1" failures="0" timestamp="2020-04-29T23:46:48 IST" time="3.961" errors="0">
  <testcase name="createToken" time="3.961" classname="datadrivenTest.DataDriven_createToken"/>
</testsuite> <!-- datadrivenTest.DataDriven_createToken -->
