<?xml version="1.0" encoding="UTF-8"?>
<!-- Generated by org.testng.reporters.JUnitReportReporter -->
<testsuite skipped="0" hostname="DESKTOP-UPLHJLR" name="testCases.TC1_BookingCreate" tests="1" failures="0" timestamp="2020-04-28T11:27:18 IST" time="4.007" errors="0">
  <testcase name="test_postCreateBooking" time="4.007" classname="testCases.TC1_BookingCreate"/>
</testsuite> <!-- testCases.TC1_BookingCreate -->
