<?xml version="1.0" encoding="UTF-8"?>
<!-- Generated by org.testng.reporters.JUnitReportReporter -->
<testsuite skipped="0" hostname="DESKTOP-UPLHJLR" name="datadrivenTest.DataDriven_updateBooking" tests="1" failures="0" timestamp="2020-04-30T00:07:06 IST" time="4.536" errors="0">
  <testcase name="putBooking" time="4.536" classname="datadrivenTest.DataDriven_updateBooking"/>
</testsuite> <!-- datadrivenTest.DataDriven_updateBooking -->
