<?xml version="1.0" encoding="UTF-8"?>
<!-- Generated by org.testng.reporters.JUnitReportReporter -->
<testsuite skipped="0" hostname="DESKTOP-UPLHJLR" name="datadrivenTest.DataDriven_createBooking" tests="4" failures="0" timestamp="2020-04-29T19:43:05 IST" time="8.260" errors="0">
  <testcase name="createBooking" time="1.648" classname="datadrivenTest.DataDriven_createBooking"/>
  <testcase name="createBooking" time="1.248" classname="datadrivenTest.DataDriven_createBooking"/>
  <testcase name="createBooking" time="4.117" classname="datadrivenTest.DataDriven_createBooking"/>
  <testcase name="createBooking" time="1.247" classname="datadrivenTest.DataDriven_createBooking"/>
</testsuite> <!-- datadrivenTest.DataDriven_createBooking -->
