<?xml version="1.0" encoding="UTF-8"?>
<!-- Generated by org.testng.reporters.JUnitReportReporter -->
<testsuite skipped="0" hostname="DESKTOP-UPLHJLR" name="datadrivenTest.DataDriven_getBooking" tests="4" failures="0" timestamp="2020-04-29T23:31:25 IST" time="9.102" errors="0">
  <testcase name="getAllBooking" time="5.430" classname="datadrivenTest.DataDriven_getBooking"/>
  <testcase name="booking_username" time="1.247" classname="datadrivenTest.DataDriven_getBooking"/>
  <testcase name="getbookingData_ID" time="1.251" classname="datadrivenTest.DataDriven_getBooking"/>
  <testcase name="getbookingData_ID" time="1.174" classname="datadrivenTest.DataDriven_getBooking"/>
</testsuite> <!-- datadrivenTest.DataDriven_getBooking -->
